<?xml version="1.0" encoding="UTF-8"?>
<!-- Generated by org.testng.reporters.JUnitReportReporter -->
<testsuite hostname="LAPTOP-2A7Q9CNR" failures="0" tests="2" name="pack2.OrgTest" time="0.000" errors="0" timestamp="2025-01-10T17:11:05 IST" skipped="0">
  <testcase classname="pack2.OrgTest" name="createOrgTest" time="0.000"/>
  <system-out/>
  <testcase classname="pack2.OrgTest" name="modifyOrgTest" time="0.000"/>
  <system-out/>
</testsuite> <!-- pack2.OrgTest -->
