<?xml version="1.0" encoding="UTF-8"?>
<!-- Generated by org.testng.reporters.JUnitReportReporter -->
<testsuite hostname="LAPTOP-2A7Q9CNR" failures="0" tests="2" name="pack1.ContactTest" time="0.008" errors="0" timestamp="2025-01-10T17:11:05 IST" skipped="0">
  <testcase classname="pack1.ContactTest" name="createContactTest" time="0.007"/>
  <system-out/>
  <testcase classname="pack1.ContactTest" name="modifyContactTest" time="0.001"/>
  <system-out/>
</testsuite> <!-- pack1.ContactTest -->
